<?xml version="1.0" encoding="UTF-8" ?>
<testsuite tests="5" failures="0" name="softindex.map.MapTest" time="0.032" errors="0" skipped="0">
  <properties>
[...]
</properties>
  <testcase classname="softindex.map.MapTest" name="sizeOk" time="0.006"/>
  <testcase classname="softindex.map.MapTest" name="replaceOk" time="0.001"/>
  <testcase classname="softindex.map.MapTest" name="getOk" time="0.005"/>
  <testcase classname="softindex.map.MapTest" name="putOk" time="0"/>
  <testcase classname="softindex.map.MapTest" name="capacityIncreaseOk" time="0.02"/>
</testsuite>